Arguments: 
  /Users/davidbasalla/.nvm/versions/node/v9.2.1/bin/node /usr/local/bin/yarn

PATH: 
  /usr/local/opt/qt@5.5/bin:/Users/davidbasalla/.rbenv/shims:/Users/davidbasalla/.nvm/versions/node/v9.2.1/bin:/usr/local/bin:/usr/bin:/bin:/usr/sbin:/sbin:~/bin

Yarn version: 
  1.3.2

Node version: 
  9.2.1

Platform: 
  darwin x64

npm manifest: 
  {
    "name": "react-backend",
    "version": "0.0.0",
    "private": true,
    "scripts": {
      "start": "node ./bin/www"
    },
    "dependencies": {
      "cookie-parser": "~1.4.3",
      "debug": "~2.6.9",
      "express": "~4.16.0",
      "http-errors": "~1.6.2",
      "jade": "~1.11.0",
      "morgan": "~1.9.0"
    }
  }

yarn manifest: 
  No manifest

Lockfile: 
  No lockfile

Trace: 
  Error: getaddrinfo ENOTFOUND registry.yarnpkg.com registry.yarnpkg.com:443
      at errnoException (dns.js:55:10)
      at GetAddrInfoReqWrap.onlookup [as oncomplete] (dns.js:97:26)
